#
# A fatal error has been detected by the Java Runtime Environment:
#
#  EXCEPTION_ACCESS_VIOLATION (0xc0000005) at pc=0x00007fff62ae82b0, pid=16312, tid=10268
#
# JRE version: OpenJDK Runtime Environment (12.0.2+10) (build 12.0.2-BellSoft+10)
# Java VM: OpenJDK 64-Bit Server VM (12.0.2-BellSoft+10, mixed mode, sharing, tiered, compressed oops, g1 gc, windows-amd64)
# Problematic frame:
# C  0x00007fff62ae82b0
#
# No core dump will be written. Minidumps are not enabled by default on client versions of Windows
#
# If you would like to submit a bug report, please visit:
#   http://bugreport.java.com/bugreport/crash.jsp
# The crash happened outside the Java Virtual Machine in native code.
# See problematic frame for where to report the bug.
#

---------------  S U M M A R Y ------------

Command Line: -Dfile.encoding=UTF-8 simrskhanza.SIMRSKhanza

Host: Intel(R) Core(TM) i7-7700HQ CPU @ 2.80GHz, 8 cores, 15G,  Windows 10 , 64 bit Build 19041 (10.0.19041.1023)
Time: Sat Jun 12 06:49:01 2021 SE Asia Standard Time elapsed time: 163 seconds (0d 0h 2m 43s)

---------------  T H R E A D  ---------------

Current thread (0x0000014b44283000):  JavaThread "JavaFX Application Thread" [_thread_in_native, id=10268, stack(0x0000003004000000,0x0000003004100000)]

Stack: [0x0000003004000000,0x0000003004100000],  sp=0x00000030040fcbf0,  free space=1010k
Native frames: (J=compiled Java code, j=interpreted, Vv=VM code, C=native code)
C  0x00007fff62ae82b0

Java frames: (J=compiled Java code, j=interpreted, Vv=VM code)
j  com.sun.webkit.WebPage.twkInit(JZF)V+0 javafx.web@12.0.2-BellSoft
j  com.sun.webkit.WebPage.<init>(Lcom/sun/webkit/WebPageClient;Lcom/sun/webkit/UIClient;Lcom/sun/webkit/PolicyClient;Lcom/sun/webkit/InspectorClient;Lcom/sun/webkit/ThemeClient;Z)V+195 javafx.web@12.0.2-BellSoft
j  javafx.scene.web.WebEngine.<init>(Ljava/lang/String;Z)V+270 javafx.web@12.0.2-BellSoft
j  javafx.scene.web.WebEngine.<init>()V+3 javafx.web@12.0.2-BellSoft
j  javafx.scene.web.WebView.<init>()V+60 javafx.web@12.0.2-BellSoft
j  bridging.INACBGHybrid$3.run()V+4
j  com.sun.javafx.application.PlatformImpl.lambda$runLater$10(Ljava/lang/Runnable;)Ljava/lang/Void;+1 javafx.graphics@12.0.2-BellSoft
j  com.sun.javafx.application.PlatformImpl$$Lambda$261.run()Ljava/lang/Object;+4 javafx.graphics@12.0.2-BellSoft
J 1661 c1 java.security.AccessController.doPrivileged(Ljava/security/PrivilegedAction;Ljava/security/AccessControlContext;)Ljava/lang/Object; java.base@12.0.2-BellSoft (17 bytes) @ 0x0000014b25565904 [0x0000014b25565720+0x00000000000001e4]
j  com.sun.javafx.application.PlatformImpl.lambda$runLater$11(Ljava/lang/Runnable;Ljava/security/AccessControlContext;)V+7 javafx.graphics@12.0.2-BellSoft
j  com.sun.javafx.application.PlatformImpl$$Lambda$260.run()V+8 javafx.graphics@12.0.2-BellSoft
j  com.sun.glass.ui.InvokeLaterDispatcher$Future.run()V+4 javafx.graphics@12.0.2-BellSoft
v  ~StubRoutines::call_stub
j  com.sun.glass.ui.win.WinApplication._runLoop(Ljava/lang/Runnable;)V+0 javafx.graphics@12.0.2-BellSoft
j  com.sun.glass.ui.win.WinApplication.lambda$runLoop$3(ILjava/lang/Runnable;)V+8 javafx.graphics@12.0.2-BellSoft
j  com.sun.glass.ui.win.WinApplication$$Lambda$247.run()V+12 javafx.graphics@12.0.2-BellSoft
j  java.lang.Thread.run()V+11 java.base@12.0.2-BellSoft
v  ~StubRoutines::call_stub

siginfo: EXCEPTION_ACCESS_VIOLATION (0xc0000005), writing address 0x0000000000000000


Register to memory mapping:

RIP=0x00007fff62ae82b0 points into unknown readable memory: ff 01 48 8b 9c 24 88 00
RAX=0x00000030040fcc78 is pointing into the stack for thread: 0x0000014b44283000
RBX=0x0000014b423e91c0 points into unknown readable memory: 00 00 00 00 00 00 00 00
RCX=0x0 is NULL
RDX=0x00007fff63994560 points into unknown readable memory: 74 69 6d 65 73 00 00 00
RSP=0x00000030040fcbf0 is pointing into the stack for thread: 0x0000014b44283000
RBP=0x0 is NULL
RSI=0x00007fff658cb270 points into unknown readable memory: d0 6c 7c 63 ff 7f 00 00
RDI=0x00000030040fccd8 is pointing into the stack for thread: 0x0000014b44283000
R8 =0x0 is NULL
R9 =0xffff814be04d8288 is an unknown value
R10=0x0000000000000005 is an unknown value
R11=0x00000030040fcbe0 is pointing into the stack for thread: 0x0000014b44283000
R12=0x0000014b420d8b18 points into unknown readable memory: e0 63 4d 42 4b 01 00 00
R13=0x00000000ffffffff is an unknown value
R14=0x0000014b423e91c0 points into unknown readable memory: 00 00 00 00 00 00 00 00
R15=0x0 is NULL


Registers:
RAX=0x00000030040fcc78, RBX=0x0000014b423e91c0, RCX=0x0000000000000000, RDX=0x00007fff63994560
RSP=0x00000030040fcbf0, RBP=0x0000000000000000, RSI=0x00007fff658cb270, RDI=0x00000030040fccd8
R8 =0x0000000000000000, R9 =0xffff814be04d8288, R10=0x0000000000000005, R11=0x00000030040fcbe0
R12=0x0000014b420d8b18, R13=0x00000000ffffffff, R14=0x0000014b423e91c0, R15=0x0000000000000000
RIP=0x00007fff62ae82b0, EFLAGS=0x0000000000010246

Top of Stack: (sp=0x00000030040fcbf0)
0x00000030040fcbf0:   0000014b423e91c0 0000000000000000
0x00000030040fcc00:   00007fff658cb270 00000030040fccd8
0x00000030040fcc10:   0000000000000000 0000000000000000
0x00000030040fcc20:   00000030040fcc30 00007fff62508100
0x00000030040fcc30:   0000000000000000 00000100423e9100
0x00000030040fcc40:   0000014b468fe2f0 0000014b423e91c0
0x00000030040fcc50:   0000014b468fe2f0 00007fff628aa060
0x00000030040fcc60:   0000014b468fe308 0000014b423e91c0
0x00000030040fcc70:   0000000000000000 0000000000000000
0x00000030040fcc80:   00000030040fcc90 0000000000000001
0x00000030040fcc90:   0000014b41b65eb0 00000000ffffffff
0x00000030040fcca0:   0000000000000001 0000014b468fe2f0
0x00000030040fccb0:   00000030040fcd79 00007fff625d4b3c
0x00000030040fccc0:   0000000000000000 0000014b423e91c0
0x00000030040fccd0:   0000014b420d8910 0000000000000000
0x00000030040fcce0:   0000000000000000 00000030040fcc02 

Instructions: (pc=0x00007fff62ae82b0)
0x00007fff62ae81b0:   cc cc cc cc cc cc cc cc cc cc cc cc cc cc cc cc
0x00007fff62ae81c0:   33 c0 48 89 02 48 89 42 08 48 8b c2 c3 cc cc cc
0x00007fff62ae81d0:   cc cc cc cc cc cc cc cc cc cc cc cc cc cc cc cc
0x00007fff62ae81e0:   c2 00 00 cc cc cc cc cc cc cc cc cc cc cc cc cc
0x00007fff62ae81f0:   33 c0 48 89 02 48 89 42 08 48 8b c2 c3 cc cc cc
0x00007fff62ae8200:   cc cc cc cc cc cc cc cc cc cc cc cc cc cc cc cc
0x00007fff62ae8210:   48 89 5c 24 08 48 89 74 24 10 57 48 83 ec 60 65
0x00007fff62ae8220:   48 8b 04 25 58 00 00 00 48 8b f1 44 8b 0d d6 93
0x00007fff62ae8230:   df 02 49 8b d8 b9 1c 00 00 00 48 8b fa 4e 8b 0c
0x00007fff62ae8240:   c8 42 8b 04 09 39 05 d5 c0 de 02 0f 8f b9 00 00
0x00007fff62ae8250:   00 c6 44 24 38 00 48 8d 44 24 40 48 89 44 24 30
0x00007fff62ae8260:   4c 8d 0d b1 c0 de 02 48 c7 44 24 28 00 00 00 00
0x00007fff62ae8270:   48 8d 94 24 88 00 00 00 4c 8b c3 48 c7 44 24 20
0x00007fff62ae8280:   00 00 00 00 48 8b ce c6 44 24 40 00 c6 44 24 42
0x00007fff62ae8290:   00 c6 44 24 46 00 c6 44 24 48 00 c6 44 24 4c 00
0x00007fff62ae82a0:   c6 44 24 4e 00 e8 66 fe db ff 48 8b 08 48 89 0f
0x00007fff62ae82b0:   ff 01 48 8b 9c 24 88 00 00 00 48 c7 84 24 88 00
0x00007fff62ae82c0:   00 00 00 00 00 00 48 85 db 74 2c 8b 03 83 e8 01
0x00007fff62ae82d0:   74 15 89 03 48 8b c7 48 8b 5c 24 70 48 8b 74 24
0x00007fff62ae82e0:   78 48 83 c4 60 5f c3 48 8b cb e8 91 e4 db ff 48
0x00007fff62ae82f0:   8b cb e8 a9 41 a1 00 48 8b 5c 24 70 48 8b c7 48
0x00007fff62ae8300:   8b 74 24 78 48 83 c4 60 5f c3 48 8d 0d 0f c0 de
0x00007fff62ae8310:   02 e8 e6 a1 cb 00 83 3d 03 c0 de 02 ff 0f 85 2e
0x00007fff62ae8320:   ff ff ff 48 8d 15 c2 c6 ee 00 48 8d 8c 24 88 00
0x00007fff62ae8330:   00 00 e8 d9 df a1 00 48 8b 84 24 88 00 00 00 48
0x00007fff62ae8340:   8d 0d 3a fd cb 00 48 89 05 cb bf de 02 e8 a6 a6
0x00007fff62ae8350:   cb 00 48 8d 0d c7 bf de 02 e8 3e a1 cb 00 e9 ee
0x00007fff62ae8360:   fe ff ff cc cc cc cc cc cc cc cc cc cc cc cc cc
0x00007fff62ae8370:   40 53 48 83 ec 20 49 8b c0 48 8b da 48 8b d0 48
0x00007fff62ae8380:   8b cb 4d 8b c1 e8 46 0c e1 ff 48 8b c3 48 83 c4
0x00007fff62ae8390:   20 5b c3 cc cc cc cc cc cc cc cc cc cc cc cc cc
0x00007fff62ae83a0:   48 8d 05 21 52 df 02 c3 cc cc cc cc cc cc cc cc 


Stack slot to memory mapping:
stack at sp + 0 slots: 0x0000014b423e91c0 points into unknown readable memory: 00 00 00 00 00 00 00 00
stack at sp + 1 slots: 0x0 is NULL
stack at sp + 2 slots: 0x00007fff658cb270 points into unknown readable memory: d0 6c 7c 63 ff 7f 00 00
stack at sp + 3 slots: 0x00000030040fccd8 is pointing into the stack for thread: 0x0000014b44283000
stack at sp + 4 slots: 0x0 is NULL
stack at sp + 5 slots: 0x0 is NULL
stack at sp + 6 slots: 0x00000030040fcc30 is pointing into the stack for thread: 0x0000014b44283000
stack at sp + 7 slots: 0x00007fff62508100 points into unknown readable memory: 01 74 04 89 01 eb 05 e8


---------------  P R O C E S S  ---------------

Threads class SMR info:
_java_thread_list=0x0000014b47dc4640, length=18, elements={
0x0000014b4024c800, 0x0000014b4024e800, 0x0000014b40269800, 0x0000014b4026b000,
0x0000014b4026e800, 0x0000014b40af8800, 0x0000014b40b03000, 0x0000014b40dc5800,
0x0000014b40dc8000, 0x0000014b41742800, 0x0000014b4171a800, 0x0000014b41b8c000,
0x0000014b1b21a000, 0x0000014b42340800, 0x0000014b41ede800, 0x0000014b44282000,
0x0000014b44283000, 0x0000014b4427d000
}

Java Threads: ( => current thread )
  0x0000014b4024c800 JavaThread "Reference Handler" daemon [_thread_blocked, id=9372, stack(0x0000003002300000,0x0000003002400000)]
  0x0000014b4024e800 JavaThread "Finalizer" daemon [_thread_blocked, id=9388, stack(0x0000003002400000,0x0000003002500000)]
  0x0000014b40269800 JavaThread "Signal Dispatcher" daemon [_thread_blocked, id=7276, stack(0x0000003002500000,0x0000003002600000)]
  0x0000014b4026b000 JavaThread "Attach Listener" daemon [_thread_blocked, id=10832, stack(0x0000003002600000,0x0000003002700000)]
  0x0000014b4026e800 JavaThread "C2 CompilerThread0" daemon [_thread_blocked, id=10920, stack(0x0000003002700000,0x0000003002800000)]
  0x0000014b40af8800 JavaThread "C1 CompilerThread0" daemon [_thread_blocked, id=10204, stack(0x0000003002800000,0x0000003002900000)]
  0x0000014b40b03000 JavaThread "Sweeper thread" daemon [_thread_blocked, id=9448, stack(0x0000003002900000,0x0000003002a00000)]
  0x0000014b40dc5800 JavaThread "Service Thread" daemon [_thread_blocked, id=10296, stack(0x0000003002a00000,0x0000003002b00000)]
  0x0000014b40dc8000 JavaThread "Common-Cleaner" daemon [_thread_blocked, id=7400, stack(0x0000003002c00000,0x0000003002d00000)]
  0x0000014b41742800 JavaThread "Java2D Disposer" daemon [_thread_blocked, id=11260, stack(0x0000003003300000,0x0000003003400000)]
  0x0000014b4171a800 JavaThread "AWT-Shutdown" [_thread_blocked, id=656, stack(0x0000003003400000,0x0000003003500000)]
  0x0000014b41b8c000 JavaThread "AWT-EventQueue-0" [_thread_blocked, id=8544, stack(0x0000003003700000,0x0000003003800000)]
  0x0000014b1b21a000 JavaThread "DestroyJavaVM" [_thread_blocked, id=16212, stack(0x0000003001c00000,0x0000003001d00000)]
  0x0000014b42340800 JavaThread "Abandoned connection cleanup thread" daemon [_thread_blocked, id=7928, stack(0x0000003004100000,0x0000003004200000)]
  0x0000014b41ede800 JavaThread "TimerQueue" daemon [_thread_blocked, id=8536, stack(0x0000003003c00000,0x0000003003d00000)]
  0x0000014b44282000 JavaThread "InvokeLaterDispatcher" daemon [_thread_blocked, id=2124, stack(0x0000003003f00000,0x0000003004000000)]
=>0x0000014b44283000 JavaThread "JavaFX Application Thread" [_thread_in_native, id=10268, stack(0x0000003004000000,0x0000003004100000)]
  0x0000014b4427d000 JavaThread "Thread-2" daemon [_thread_in_native, id=16376, stack(0x0000003001900000,0x0000003001a00000)]

Other Threads:
  0x0000014b40247000 VMThread "VM Thread" [stack: 0x0000003002200000,0x0000003002300000] [id=3156]
  0x0000014b40dc7000 WatcherThread [stack: 0x0000003002b00000,0x0000003002c00000] [id=9684]
  0x0000014b1b27f800 GCTaskThread "GC Thread#0" [stack: 0x0000003001d00000,0x0000003001e00000] [id=16216]
  0x0000014b416da800 GCTaskThread "GC Thread#1" [stack: 0x0000003002e00000,0x0000003002f00000] [id=3384]
  0x0000014b4193e000 GCTaskThread "GC Thread#2" [stack: 0x0000003002f00000,0x0000003003000000] [id=15548]
  0x0000014b41038000 GCTaskThread "GC Thread#3" [stack: 0x0000003003000000,0x0000003003100000] [id=6404]
  0x0000014b40ddd000 GCTaskThread "GC Thread#4" [stack: 0x0000003003100000,0x0000003003200000] [id=10468]
  0x0000014b4176e000 GCTaskThread "GC Thread#5" [stack: 0x0000003003200000,0x0000003003300000] [id=8808]
  0x0000014b43d6a800 GCTaskThread "GC Thread#6" [stack: 0x0000003004500000,0x0000003004600000] [id=216]
  0x0000014b446a3800 GCTaskThread "GC Thread#7" [stack: 0x0000003004600000,0x0000003004700000] [id=15124]
  0x0000014b1b29a000 ConcurrentGCThread "G1 Main Marker" [stack: 0x0000003001e00000,0x0000003001f00000] [id=11168]
  0x0000014b1b29d000 ConcurrentGCThread "G1 Conc#0" [stack: 0x0000003001f00000,0x0000003002000000] [id=11164]
  0x0000014b40c6a000 ConcurrentGCThread "G1 Conc#1" [stack: 0x0000003003600000,0x0000003003700000] [id=15384]
  0x0000014b40144800 ConcurrentGCThread "G1 Refine#0" [stack: 0x0000003002000000,0x0000003002100000] [id=9456]
  0x0000014b40145800 ConcurrentGCThread "G1 Young RemSet Sampling" [stack: 0x0000003002100000,0x0000003002200000] [id=15560]

Threads with active compile tasks:

VM state:not at safepoint (normal execution)

VM Mutex/Monitor currently owned by a thread: None

Heap address: 0x0000000701c00000, size: 4068 MB, Compressed Oops mode: Zero based, Oop shift amount: 3
Narrow klass base: 0x0000000800000000, Narrow klass shift: 3
Compressed class space size: 1073741824 Address: 0x0000000801190000

Heap:
 garbage-first heap   total 158720K, used 112421K [0x0000000701c00000, 0x0000000800000000)
  region size 1024K, 23 young (23552K), 4 survivors (4096K)
 Metaspace       used 45046K, capacity 46247K, committed 46464K, reserved 1089536K
  class space    used 6059K, capacity 6509K, committed 6528K, reserved 1048576K
Heap Regions: E=young(eden), S=young(survivor), O=old, HS=humongous(starts), HC=humongous(continues), CS=collection set, F=free, A=archive, TAMS=top-at-mark-start (previous, next)
|   0|0x0000000701c00000, 0x0000000701d00000, 0x0000000701d00000|100%|HS|  |TAMS 0x0000000701d00000, 0x0000000701c00000| Complete 
|   1|0x0000000701d00000, 0x0000000701e00000, 0x0000000701e00000|100%|HS|  |TAMS 0x0000000701e00000, 0x0000000701d00000| Complete 
|   2|0x0000000701e00000, 0x0000000701f00000, 0x0000000701f00000|100%|HC|  |TAMS 0x0000000701f00000, 0x0000000701e00000| Complete 
|   3|0x0000000701f00000, 0x0000000702000000, 0x0000000702000000|100%|HS|  |TAMS 0x0000000702000000, 0x0000000701f00000| Complete 
|   4|0x0000000702000000, 0x0000000702100000, 0x0000000702100000|100%| O|  |TAMS 0x0000000702100000, 0x0000000702000000| Untracked 
|   5|0x0000000702100000, 0x0000000702200000, 0x0000000702200000|100%| O|  |TAMS 0x0000000702200000, 0x0000000702100000| Untracked 
|   6|0x0000000702200000, 0x0000000702300000, 0x0000000702300000|100%| O|  |TAMS 0x0000000702300000, 0x0000000702200000| Untracked 
|   7|0x0000000702300000, 0x0000000702400000, 0x0000000702400000|100%| O|  |TAMS 0x0000000702400000, 0x0000000702300000| Untracked 
|   8|0x0000000702400000, 0x0000000702500000, 0x0000000702500000|100%| O|  |TAMS 0x0000000702500000, 0x0000000702400000| Untracked 
|   9|0x0000000702500000, 0x0000000702600000, 0x0000000702600000|100%| O|  |TAMS 0x0000000702600000, 0x0000000702500000| Untracked 
|  10|0x0000000702600000, 0x0000000702700000, 0x0000000702700000|100%| O|  |TAMS 0x0000000702700000, 0x0000000702600000| Untracked 
|  11|0x0000000702700000, 0x0000000702800000, 0x0000000702800000|100%| O|  |TAMS 0x0000000702800000, 0x0000000702700000| Untracked 
|  12|0x0000000702800000, 0x0000000702900000, 0x0000000702900000|100%| O|  |TAMS 0x0000000702900000, 0x0000000702800000| Untracked 
|  13|0x0000000702900000, 0x0000000702a00000, 0x0000000702a00000|100%| O|  |TAMS 0x0000000702a00000, 0x0000000702900000| Untracked 
|  14|0x0000000702a00000, 0x0000000702b00000, 0x0000000702b00000|100%| O|  |TAMS 0x0000000702b00000, 0x0000000702a00000| Untracked 
|  15|0x0000000702b00000, 0x0000000702c00000, 0x0000000702c00000|100%| O|  |TAMS 0x0000000702c00000, 0x0000000702b00000| Untracked 
|  16|0x0000000702c00000, 0x0000000702d00000, 0x0000000702d00000|100%| O|  |TAMS 0x0000000702d00000, 0x0000000702c00000| Untracked 
|  17|0x0000000702d00000, 0x0000000702e00000, 0x0000000702e00000|100%| O|  |TAMS 0x0000000702e00000, 0x0000000702d00000| Untracked 
|  18|0x0000000702e00000, 0x0000000702f00000, 0x0000000702f00000|100%| O|  |TAMS 0x0000000702f00000, 0x0000000702e00000| Untracked 
|  19|0x0000000702f00000, 0x0000000703000000, 0x0000000703000000|100%| O|  |TAMS 0x0000000703000000, 0x0000000702f00000| Untracked 
|  20|0x0000000703000000, 0x00000007030e9400, 0x0000000703100000| 91%| O|  |TAMS 0x00000007030e9400, 0x0000000703000000| Untracked 
|  21|0x0000000703100000, 0x0000000703200000, 0x0000000703200000|100%| O|  |TAMS 0x0000000703200000, 0x0000000703100000| Untracked 
|  22|0x0000000703200000, 0x0000000703300000, 0x0000000703300000|100%| O|  |TAMS 0x0000000703300000, 0x0000000703200000| Untracked 
|  23|0x0000000703300000, 0x0000000703400000, 0x0000000703400000|100%| O|  |TAMS 0x0000000703400000, 0x0000000703300000| Untracked 
|  24|0x0000000703400000, 0x0000000703500000, 0x0000000703500000|100%| O|  |TAMS 0x0000000703500000, 0x0000000703400000| Untracked 
|  25|0x0000000703500000, 0x0000000703600000, 0x0000000703600000|100%| O|  |TAMS 0x0000000703600000, 0x0000000703500000| Untracked 
|  26|0x0000000703600000, 0x0000000703700000, 0x0000000703700000|100%| O|  |TAMS 0x0000000703700000, 0x0000000703600000| Untracked 
|  27|0x0000000703700000, 0x0000000703800000, 0x0000000703800000|100%| O|  |TAMS 0x0000000703800000, 0x0000000703700000| Untracked 
|  28|0x0000000703800000, 0x0000000703900000, 0x0000000703900000|100%| O|  |TAMS 0x0000000703900000, 0x0000000703800000| Untracked 
|  29|0x0000000703900000, 0x0000000703a00000, 0x0000000703a00000|100%| O|  |TAMS 0x0000000703a00000, 0x0000000703900000| Untracked 
|  30|0x0000000703a00000, 0x0000000703b00000, 0x0000000703b00000|100%| O|  |TAMS 0x0000000703b00000, 0x0000000703a00000| Untracked 
|  31|0x0000000703b00000, 0x0000000703c00000, 0x0000000703c00000|100%| O|  |TAMS 0x0000000703c00000, 0x0000000703b00000| Untracked 
|  32|0x0000000703c00000, 0x0000000703d00000, 0x0000000703d00000|100%| O|  |TAMS 0x0000000703d00000, 0x0000000703c00000| Untracked 
|  33|0x0000000703d00000, 0x0000000703e00000, 0x0000000703e00000|100%| O|  |TAMS 0x0000000703e00000, 0x0000000703d00000| Untracked 
|  34|0x0000000703e00000, 0x0000000703f00000, 0x0000000703f00000|100%| O|  |TAMS 0x0000000703f00000, 0x0000000703e00000| Untracked 
|  35|0x0000000703f00000, 0x0000000704000000, 0x0000000704000000|100%| O|  |TAMS 0x0000000704000000, 0x0000000703f00000| Untracked 
|  36|0x0000000704000000, 0x0000000704100000, 0x0000000704100000|100%| O|  |TAMS 0x0000000704100000, 0x0000000704000000| Untracked 
|  37|0x0000000704100000, 0x0000000704200000, 0x0000000704200000|100%| O|  |TAMS 0x0000000704200000, 0x0000000704100000| Untracked 
|  38|0x0000000704200000, 0x0000000704300000, 0x0000000704300000|100%| O|  |TAMS 0x0000000704300000, 0x0000000704200000| Untracked 
|  39|0x0000000704300000, 0x0000000704400000, 0x0000000704400000|100%| O|  |TAMS 0x0000000704400000, 0x0000000704300000| Untracked 
|  40|0x0000000704400000, 0x0000000704500000, 0x0000000704500000|100%| O|  |TAMS 0x0000000704500000, 0x0000000704400000| Untracked 
|  41|0x0000000704500000, 0x0000000704600000, 0x0000000704600000|100%| O|  |TAMS 0x0000000704600000, 0x0000000704500000| Untracked 
|  42|0x0000000704600000, 0x0000000704700000, 0x0000000704700000|100%| O|  |TAMS 0x0000000704700000, 0x0000000704600000| Untracked 
|  43|0x0000000704700000, 0x0000000704800000, 0x0000000704800000|100%| O|  |TAMS 0x0000000704800000, 0x0000000704700000| Untracked 
|  44|0x0000000704800000, 0x0000000704900000, 0x0000000704900000|100%| O|  |TAMS 0x0000000704900000, 0x0000000704800000| Untracked 
|  45|0x0000000704900000, 0x0000000704a00000, 0x0000000704a00000|100%| O|  |TAMS 0x0000000704a00000, 0x0000000704900000| Untracked 
|  46|0x0000000704a00000, 0x0000000704b00000, 0x0000000704b00000|100%| O|  |TAMS 0x0000000704b00000, 0x0000000704a00000| Untracked 
|  47|0x0000000704b00000, 0x0000000704c00000, 0x0000000704c00000|100%| O|  |TAMS 0x0000000704c00000, 0x0000000704b00000| Untracked 
|  48|0x0000000704c00000, 0x0000000704d00000, 0x0000000704d00000|100%| O|  |TAMS 0x0000000704d00000, 0x0000000704c00000| Untracked 
|  49|0x0000000704d00000, 0x0000000704e00000, 0x0000000704e00000|100%| O|  |TAMS 0x0000000704e00000, 0x0000000704d00000| Untracked 
|  50|0x0000000704e00000, 0x0000000704f00000, 0x0000000704f00000|100%| O|  |TAMS 0x0000000704f00000, 0x0000000704e00000| Untracked 
|  51|0x0000000704f00000, 0x0000000705000000, 0x0000000705000000|100%| O|  |TAMS 0x0000000705000000, 0x0000000704f00000| Untracked 
|  52|0x0000000705000000, 0x0000000705100000, 0x0000000705100000|100%| O|  |TAMS 0x0000000705100000, 0x0000000705000000| Untracked 
|  53|0x0000000705100000, 0x0000000705200000, 0x0000000705200000|100%| O|  |TAMS 0x0000000705200000, 0x0000000705100000| Untracked 
|  54|0x0000000705200000, 0x0000000705300000, 0x0000000705300000|100%| O|  |TAMS 0x0000000705300000, 0x0000000705200000| Untracked 
|  55|0x0000000705300000, 0x0000000705400000, 0x0000000705400000|100%| O|  |TAMS 0x0000000705400000, 0x0000000705300000| Untracked 
|  56|0x0000000705400000, 0x0000000705500000, 0x0000000705500000|100%| O|  |TAMS 0x0000000705500000, 0x0000000705400000| Untracked 
|  57|0x0000000705500000, 0x0000000705600000, 0x0000000705600000|100%| O|  |TAMS 0x0000000705600000, 0x0000000705500000| Untracked 
|  58|0x0000000705600000, 0x0000000705700000, 0x0000000705700000|100%| O|  |TAMS 0x0000000705700000, 0x0000000705600000| Untracked 
|  59|0x0000000705700000, 0x0000000705800000, 0x0000000705800000|100%| O|  |TAMS 0x0000000705800000, 0x0000000705700000| Untracked 
|  60|0x0000000705800000, 0x0000000705900000, 0x0000000705900000|100%| O|  |TAMS 0x0000000705900000, 0x0000000705800000| Untracked 
|  61|0x0000000705900000, 0x0000000705a00000, 0x0000000705a00000|100%| O|  |TAMS 0x0000000705a00000, 0x0000000705900000| Untracked 
|  62|0x0000000705a00000, 0x0000000705b00000, 0x0000000705b00000|100%| O|  |TAMS 0x0000000705b00000, 0x0000000705a00000| Untracked 
|  63|0x0000000705b00000, 0x0000000705c00000, 0x0000000705c00000|100%| O|  |TAMS 0x0000000705c00000, 0x0000000705b00000| Untracked 
|  64|0x0000000705c00000, 0x0000000705d00000, 0x0000000705d00000|100%| O|  |TAMS 0x0000000705d00000, 0x0000000705c00000| Untracked 
|  65|0x0000000705d00000, 0x0000000705e00000, 0x0000000705e00000|100%| O|  |TAMS 0x0000000705e00000, 0x0000000705d00000| Untracked 
|  66|0x0000000705e00000, 0x0000000705f00000, 0x0000000705f00000|100%| O|  |TAMS 0x0000000705f00000, 0x0000000705e00000| Untracked 
|  67|0x0000000705f00000, 0x0000000706000000, 0x0000000706000000|100%| O|  |TAMS 0x0000000705fa4800, 0x0000000705f00000| Untracked 
|  68|0x0000000706000000, 0x0000000706100000, 0x0000000706100000|100%|HS|  |TAMS 0x0000000706100000, 0x0000000706000000| Complete 
|  69|0x0000000706100000, 0x0000000706200000, 0x0000000706200000|100%|HC|  |TAMS 0x0000000706200000, 0x0000000706100000| Complete 
|  70|0x0000000706200000, 0x0000000706300000, 0x0000000706300000|100%|HC|  |TAMS 0x0000000706300000, 0x0000000706200000| Complete 
|  71|0x0000000706300000, 0x0000000706400000, 0x0000000706400000|100%|HC|  |TAMS 0x0000000706400000, 0x0000000706300000| Complete 
|  72|0x0000000706400000, 0x0000000706500000, 0x0000000706500000|100%|HC|  |TAMS 0x0000000706500000, 0x0000000706400000| Complete 
|  73|0x0000000706500000, 0x0000000706600000, 0x0000000706600000|100%|HC|  |TAMS 0x0000000706600000, 0x0000000706500000| Complete 
|  74|0x0000000706600000, 0x0000000706700000, 0x0000000706700000|100%|HC|  |TAMS 0x0000000706700000, 0x0000000706600000| Complete 
|  75|0x0000000706700000, 0x0000000706800000, 0x0000000706800000|100%|HC|  |TAMS 0x0000000706800000, 0x0000000706700000| Complete 
|  76|0x0000000706800000, 0x0000000706900000, 0x0000000706900000|100%|HC|  |TAMS 0x0000000706900000, 0x0000000706800000| Complete 
|  77|0x0000000706900000, 0x0000000706a00000, 0x0000000706a00000|100%| O|  |TAMS 0x0000000706900000, 0x0000000706900000| Untracked 
|  78|0x0000000706a00000, 0x0000000706b00000, 0x0000000706b00000|100%| O|  |TAMS 0x0000000706a00000, 0x0000000706a00000| Untracked 
|  79|0x0000000706b00000, 0x0000000706be0200, 0x0000000706c00000| 87%| O|  |TAMS 0x0000000706b00000, 0x0000000706b00000| Untracked 
|  80|0x0000000706c00000, 0x0000000706d00000, 0x0000000706d00000|100%|HS|  |TAMS 0x0000000706c00000, 0x0000000706c00000| Complete 
|  81|0x0000000706d00000, 0x0000000706e00000, 0x0000000706e00000|100%|HC|  |TAMS 0x0000000706d00000, 0x0000000706d00000| Complete 
|  82|0x0000000706e00000, 0x0000000706f00000, 0x0000000706f00000|100%|HC|  |TAMS 0x0000000706e00000, 0x0000000706e00000| Complete 
|  83|0x0000000706f00000, 0x0000000707000000, 0x0000000707000000|100%|HC|  |TAMS 0x0000000706f00000, 0x0000000706f00000| Complete 
|  84|0x0000000707000000, 0x0000000707100000, 0x0000000707100000|100%|HC|  |TAMS 0x0000000707000000, 0x0000000707000000| Complete 
|  85|0x0000000707100000, 0x0000000707200000, 0x0000000707200000|100%|HC|  |TAMS 0x0000000707100000, 0x0000000707100000| Complete 
|  86|0x0000000707200000, 0x0000000707300000, 0x0000000707300000|100%|HC|  |TAMS 0x0000000707200000, 0x0000000707200000| Complete 
|  87|0x0000000707300000, 0x0000000707400000, 0x0000000707400000|100%|HC|  |TAMS 0x0000000707300000, 0x0000000707300000| Complete 
|  88|0x0000000707400000, 0x0000000707400000, 0x0000000707500000|  0%| F|  |TAMS 0x0000000707400000, 0x0000000707400000| Untracked 
|  89|0x0000000707500000, 0x0000000707500000, 0x0000000707600000|  0%| F|  |TAMS 0x0000000707500000, 0x0000000707500000| Untracked 
|  90|0x0000000707600000, 0x0000000707600000, 0x0000000707700000|  0%| F|  |TAMS 0x0000000707600000, 0x0000000707600000| Untracked 
|  91|0x0000000707700000, 0x0000000707700000, 0x0000000707800000|  0%| F|  |TAMS 0x0000000707700000, 0x0000000707700000| Untracked 
|  92|0x0000000707800000, 0x0000000707800000, 0x0000000707900000|  0%| F|  |TAMS 0x0000000707800000, 0x0000000707800000| Untracked 
|  93|0x0000000707900000, 0x0000000707900000, 0x0000000707a00000|  0%| F|  |TAMS 0x0000000707900000, 0x0000000707900000| Untracked 
|  94|0x0000000707a00000, 0x0000000707a00000, 0x0000000707b00000|  0%| F|  |TAMS 0x0000000707a00000, 0x0000000707a00000| Untracked 
|  95|0x0000000707b00000, 0x0000000707b00000, 0x0000000707c00000|  0%| F|  |TAMS 0x0000000707b00000, 0x0000000707b00000| Untracked 
|  96|0x0000000707c00000, 0x0000000707c00000, 0x0000000707d00000|  0%| F|  |TAMS 0x0000000707c00000, 0x0000000707c00000| Untracked 
|  97|0x0000000707d00000, 0x0000000707d00000, 0x0000000707e00000|  0%| F|  |TAMS 0x0000000707d00000, 0x0000000707d00000| Untracked 
|  98|0x0000000707e00000, 0x0000000707e00000, 0x0000000707f00000|  0%| F|  |TAMS 0x0000000707e00000, 0x0000000707e00000| Untracked 
|  99|0x0000000707f00000, 0x0000000707f00000, 0x0000000708000000|  0%| F|  |TAMS 0x0000000707f00000, 0x0000000707f00000| Untracked 
| 100|0x0000000708000000, 0x0000000708000000, 0x0000000708100000|  0%| F|  |TAMS 0x0000000708000000, 0x0000000708000000| Untracked 
| 101|0x0000000708100000, 0x0000000708100000, 0x0000000708200000|  0%| F|  |TAMS 0x0000000708100000, 0x0000000708100000| Untracked 
| 102|0x0000000708200000, 0x0000000708200000, 0x0000000708300000|  0%| F|  |TAMS 0x0000000708200000, 0x0000000708200000| Untracked 
| 103|0x0000000708300000, 0x0000000708300000, 0x0000000708400000|  0%| F|  |TAMS 0x0000000708300000, 0x0000000708300000| Untracked 
| 104|0x0000000708400000, 0x0000000708400000, 0x0000000708500000|  0%| F|  |TAMS 0x0000000708400000, 0x0000000708400000| Untracked 
| 105|0x0000000708500000, 0x0000000708500000, 0x0000000708600000|  0%| F|  |TAMS 0x0000000708500000, 0x0000000708500000| Untracked 
| 106|0x0000000708600000, 0x0000000708600000, 0x0000000708700000|  0%| F|  |TAMS 0x0000000708600000, 0x0000000708600000| Untracked 
| 107|0x0000000708700000, 0x0000000708700000, 0x0000000708800000|  0%| F|  |TAMS 0x0000000708700000, 0x0000000708700000| Untracked 
| 108|0x0000000708800000, 0x0000000708800000, 0x0000000708900000|  0%| F|  |TAMS 0x0000000708800000, 0x0000000708800000| Untracked 
| 109|0x0000000708900000, 0x0000000708900000, 0x0000000708a00000|  0%| F|  |TAMS 0x0000000708900000, 0x0000000708900000| Untracked 
| 110|0x0000000708a00000, 0x0000000708a00000, 0x0000000708b00000|  0%| F|  |TAMS 0x0000000708a00000, 0x0000000708a00000| Untracked 
| 111|0x0000000708b00000, 0x0000000708b00000, 0x0000000708c00000|  0%| F|  |TAMS 0x0000000708b00000, 0x0000000708b00000| Untracked 
| 112|0x0000000708c00000, 0x0000000708c00000, 0x0000000708d00000|  0%| F|  |TAMS 0x0000000708c00000, 0x0000000708c00000| Untracked 
| 113|0x0000000708d00000, 0x0000000708d00000, 0x0000000708e00000|  0%| F|  |TAMS 0x0000000708d00000, 0x0000000708d00000| Untracked 
| 114|0x0000000708e00000, 0x0000000708e00000, 0x0000000708f00000|  0%| F|  |TAMS 0x0000000708e00000, 0x0000000708e00000| Untracked 
| 115|0x0000000708f00000, 0x0000000708f00000, 0x0000000709000000|  0%| F|  |TAMS 0x0000000708f00000, 0x0000000708f00000| Untracked 
| 116|0x0000000709000000, 0x0000000709000000, 0x0000000709100000|  0%| F|  |TAMS 0x0000000709000000, 0x0000000709000000| Untracked 
| 117|0x0000000709100000, 0x0000000709100000, 0x0000000709200000|  0%| F|  |TAMS 0x0000000709100000, 0x0000000709100000| Untracked 
| 118|0x0000000709200000, 0x0000000709200000, 0x0000000709300000|  0%| F|  |TAMS 0x0000000709200000, 0x0000000709200000| Untracked 
| 119|0x0000000709300000, 0x0000000709400000, 0x0000000709400000|100%| S|CS|TAMS 0x0000000709300000, 0x0000000709300000| Complete 
| 120|0x0000000709400000, 0x0000000709500000, 0x0000000709500000|100%| S|CS|TAMS 0x0000000709400000, 0x0000000709400000| Complete 
| 121|0x0000000709500000, 0x0000000709600000, 0x0000000709600000|100%| S|CS|TAMS 0x0000000709500000, 0x0000000709500000| Complete 
| 122|0x0000000709600000, 0x0000000709700000, 0x0000000709700000|100%| S|CS|TAMS 0x0000000709600000, 0x0000000709600000| Complete 
| 123|0x0000000709700000, 0x0000000709700000, 0x0000000709800000|  0%| F|  |TAMS 0x0000000709700000, 0x0000000709700000| Untracked 
| 124|0x0000000709800000, 0x0000000709800000, 0x0000000709900000|  0%| F|  |TAMS 0x0000000709800000, 0x0000000709800000| Untracked 
| 125|0x0000000709900000, 0x0000000709900000, 0x0000000709a00000|  0%| F|  |TAMS 0x0000000709900000, 0x0000000709900000| Untracked 
| 126|0x0000000709a00000, 0x0000000709a00000, 0x0000000709b00000|  0%| F|  |TAMS 0x0000000709a00000, 0x0000000709a00000| Untracked 
| 127|0x0000000709b00000, 0x0000000709b00000, 0x0000000709c00000|  0%| F|  |TAMS 0x0000000709b00000, 0x0000000709b00000| Untracked 
| 128|0x0000000709c00000, 0x0000000709c00000, 0x0000000709d00000|  0%| F|  |TAMS 0x0000000709c00000, 0x0000000709c00000| Untracked 
| 129|0x0000000709d00000, 0x0000000709d00000, 0x0000000709e00000|  0%| F|  |TAMS 0x0000000709d00000, 0x0000000709d00000| Untracked 
| 130|0x0000000709e00000, 0x0000000709e00000, 0x0000000709f00000|  0%| F|  |TAMS 0x0000000709e00000, 0x0000000709e00000| Untracked 
| 131|0x0000000709f00000, 0x0000000709f00000, 0x000000070a000000|  0%| F|  |TAMS 0x0000000709f00000, 0x0000000709f00000| Untracked 
| 132|0x000000070a000000, 0x000000070a000000, 0x000000070a100000|  0%| F|  |TAMS 0x000000070a000000, 0x000000070a000000| Untracked 
| 133|0x000000070a100000, 0x000000070a100000, 0x000000070a200000|  0%| F|  |TAMS 0x000000070a100000, 0x000000070a100000| Untracked 
| 134|0x000000070a200000, 0x000000070a200000, 0x000000070a300000|  0%| F|  |TAMS 0x000000070a200000, 0x000000070a200000| Untracked 
| 135|0x000000070a300000, 0x000000070a300000, 0x000000070a400000|  0%| F|  |TAMS 0x000000070a300000, 0x000000070a300000| Untracked 
| 136|0x000000070a400000, 0x000000070a4773f8, 0x000000070a500000| 46%| E|  |TAMS 0x000000070a400000, 0x000000070a400000| Complete 
| 137|0x000000070a500000, 0x000000070a600000, 0x000000070a600000|100%| E|CS|TAMS 0x000000070a500000, 0x000000070a500000| Complete 
| 138|0x000000070a600000, 0x000000070a700000, 0x000000070a700000|100%| E|CS|TAMS 0x000000070a600000, 0x000000070a600000| Complete 
| 139|0x000000070a700000, 0x000000070a800000, 0x000000070a800000|100%| E|CS|TAMS 0x000000070a700000, 0x000000070a700000| Complete 
| 140|0x000000070a800000, 0x000000070a900000, 0x000000070a900000|100%| E|CS|TAMS 0x000000070a800000, 0x000000070a800000| Complete 
| 141|0x000000070a900000, 0x000000070aa00000, 0x000000070aa00000|100%| E|CS|TAMS 0x000000070a900000, 0x000000070a900000| Complete 
| 142|0x000000070aa00000, 0x000000070ab00000, 0x000000070ab00000|100%| E|CS|TAMS 0x000000070aa00000, 0x000000070aa00000| Complete 
| 143|0x000000070ab00000, 0x000000070ac00000, 0x000000070ac00000|100%| E|CS|TAMS 0x000000070ab00000, 0x000000070ab00000| Complete 
| 144|0x000000070ac00000, 0x000000070ad00000, 0x000000070ad00000|100%| E|CS|TAMS 0x000000070ac00000, 0x000000070ac00000| Complete 
| 145|0x000000070ad00000, 0x000000070ae00000, 0x000000070ae00000|100%| E|CS|TAMS 0x000000070ad00000, 0x000000070ad00000| Complete 
| 146|0x000000070ae00000, 0x000000070af00000, 0x000000070af00000|100%| E|CS|TAMS 0x000000070ae00000, 0x000000070ae00000| Complete 
| 147|0x000000070af00000, 0x000000070b000000, 0x000000070b000000|100%| E|CS|TAMS 0x000000070af00000, 0x000000070af00000| Complete 
| 148|0x000000070b000000, 0x000000070b100000, 0x000000070b100000|100%| E|CS|TAMS 0x000000070b000000, 0x000000070b000000| Complete 
| 149|0x000000070b100000, 0x000000070b200000, 0x000000070b200000|100%| E|CS|TAMS 0x000000070b100000, 0x000000070b100000| Complete 
| 248|0x0000000711400000, 0x0000000711500000, 0x0000000711500000|100%| E|CS|TAMS 0x0000000711400000, 0x0000000711400000| Complete 
| 249|0x0000000711500000, 0x0000000711600000, 0x0000000711600000|100%| E|CS|TAMS 0x0000000711500000, 0x0000000711500000| Complete 
| 250|0x0000000711600000, 0x0000000711700000, 0x0000000711700000|100%| E|CS|TAMS 0x0000000711600000, 0x0000000711600000| Complete 
| 251|0x0000000711700000, 0x0000000711800000, 0x0000000711800000|100%| E|CS|TAMS 0x0000000711700000, 0x0000000711700000| Complete 
| 255|0x0000000711b00000, 0x0000000711c00000, 0x0000000711c00000|100%| E|CS|TAMS 0x0000000711b00000, 0x0000000711b00000| Complete 

Card table byte_map: [0x0000014b347c0000,0x0000014b34fc0000] _byte_map_base: 0x0000014b30fb2000

Marking Bits (Prev, Next): (CMBitMap*) 0x0000014b1b280878, (CMBitMap*) 0x0000014b1b2808b8
 Prev Bits: [0x0000014b357c0000, 0x0000014b39750000)
 Next Bits: [0x0000014b39750000, 0x0000014b3d6e0000)

Polling page: 0x0000014b19160000

Metaspace:

Usage:
  Non-class:     38.81 MB capacity,    38.07 MB ( 98%) used,   623.31 KB (  2%) free+waste,   127.69 KB ( <1%) overhead. 
      Class:      6.36 MB capacity,     5.92 MB ( 93%) used,   387.35 KB (  6%) free+waste,    62.44 KB ( <1%) overhead. 
       Both:     45.16 MB capacity,    43.99 MB ( 97%) used,  1010.66 KB (  2%) free+waste,   190.13 KB ( <1%) overhead. 

Virtual space:
  Non-class space:       40.00 MB reserved,      39.00 MB ( 98%) committed 
      Class space:        1.00 GB reserved,       6.38 MB ( <1%) committed 
             Both:        1.04 GB reserved,      45.38 MB (  4%) committed 

Chunk freelists:
   Non-Class:  768 bytes
       Class:  2.38 KB
        Both:  3.13 KB

CodeHeap 'non-profiled nmethods': size=120000Kb used=4571Kb max_used=4571Kb free=115428Kb
 bounds [0x0000014b2c760000, 0x0000014b2cbe0000, 0x0000014b33c90000]
CodeHeap 'profiled nmethods': size=120000Kb used=13421Kb max_used=13421Kb free=106578Kb
 bounds [0x0000014b25230000, 0x0000014b25f60000, 0x0000014b2c760000]
CodeHeap 'non-nmethods': size=5760Kb used=1416Kb max_used=1449Kb free=4343Kb
 bounds [0x0000014b24c90000, 0x0000014b24f00000, 0x0000014b25230000]
 total_blobs=9375 nmethods=5651 adapters=774
 compilation: enabled
              stopped_count=0, restarted_count=0
 full_count=0

Compilation events (10 events):
Event: 163.814 Thread 0x0000014b4026e800 6542       4       java.lang.Module::isNamed (13 bytes)
Event: 163.815 Thread 0x0000014b40af8800 6543   !   3       java.nio.charset.CharsetEncoder::encode (285 bytes)
Event: 163.815 Thread 0x0000014b4026e800 nmethod 6542 0x0000014b2cbd6c90 code [0x0000014b2cbd6e20, 0x0000014b2cbd6e98]
Event: 163.816 Thread 0x0000014b40af8800 nmethod 6543 0x0000014b25f57b10 code [0x0000014b25f57e40, 0x0000014b25f59160]
Event: 163.816 Thread 0x0000014b40af8800 6546       3       java.nio.ByteBuffer::array (35 bytes)
Event: 163.816 Thread 0x0000014b40af8800 nmethod 6546 0x0000014b25f59790 code [0x0000014b25f59980, 0x0000014b25f59ce0]
Event: 163.816 Thread 0x0000014b40af8800 6544       3       sun.nio.cs.UTF_8$Encoder::encodeLoop (28 bytes)
Event: 163.817 Thread 0x0000014b40af8800 nmethod 6544 0x0000014b25f59e10 code [0x0000014b25f5a000, 0x0000014b25f5a480]
Event: 163.817 Thread 0x0000014b40af8800 6545       1       java.lang.Module::getName (5 bytes)
Event: 163.817 Thread 0x0000014b40af8800 nmethod 6545 0x0000014b2cbd6f10 code [0x0000014b2cbd70c0, 0x0000014b2cbd71f8]

GC Heap History (10 events):
Event: 139.846 GC heap before
{Heap before GC invocations=23 (full 0):
 garbage-first heap   total 107520K, used 81375K [0x0000000701c00000, 0x0000000800000000)
  region size 1024K, 21 young (21504K), 3 survivors (3072K)
 Metaspace       used 41257K, capacity 42132K, committed 42496K, reserved 1085440K
  class space    used 5483K, capacity 5777K, committed 5888K, reserved 1048576K
}
Event: 139.850 GC heap after
{Heap after GC invocations=24 (full 0):
 garbage-first heap   total 107520K, used 66079K [0x0000000701c00000, 0x0000000800000000)
  region size 1024K, 3 young (3072K), 3 survivors (3072K)
 Metaspace       used 41257K, capacity 42132K, committed 42496K, reserved 1085440K
  class space    used 5483K, capacity 5777K, committed 5888K, reserved 1048576K
}
Event: 140.818 GC heap before
{Heap before GC invocations=24 (full 0):
 garbage-first heap   total 107520K, used 85535K [0x0000000701c00000, 0x0000000800000000)
  region size 1024K, 22 young (22528K), 3 survivors (3072K)
 Metaspace       used 41610K, capacity 42484K, committed 42752K, reserved 1085440K
  class space    used 5584K, capacity 5873K, committed 5888K, reserved 1048576K
}
Event: 140.822 GC heap after
{Heap after GC invocations=25 (full 0):
 garbage-first heap   total 107520K, used 69233K [0x0000000701c00000, 0x0000000800000000)
  region size 1024K, 3 young (3072K), 3 survivors (3072K)
 Metaspace       used 41610K, capacity 42484K, committed 42752K, reserved 1085440K
  class space    used 5584K, capacity 5873K, committed 5888K, reserved 1048576K
}
Event: 141.490 GC heap before
{Heap before GC invocations=26 (full 0):
 garbage-first heap   total 117760K, used 78449K [0x0000000701c00000, 0x0000000800000000)
  region size 1024K, 13 young (13312K), 3 survivors (3072K)
 Metaspace       used 41762K, capacity 42644K, committed 42880K, reserved 1085440K
  class space    used 5630K, capacity 5905K, committed 6016K, reserved 1048576K
}
Event: 141.495 GC heap after
{Heap after GC invocations=27 (full 0):
 garbage-first heap   total 117760K, used 70588K [0x0000000701c00000, 0x0000000800000000)
  region size 1024K, 2 young (2048K), 2 survivors (2048K)
 Metaspace       used 41762K, capacity 42644K, committed 42880K, reserved 1085440K
  class space    used 5630K, capacity 5905K, committed 6016K, reserved 1048576K
}
Event: 142.060 GC heap before
{Heap before GC invocations=28 (full 0):
 garbage-first heap   total 152576K, used 97212K [0x0000000701c00000, 0x0000000800000000)
  region size 1024K, 20 young (20480K), 2 survivors (2048K)
 Metaspace       used 41995K, capacity 42963K, committed 43136K, reserved 1087488K
  class space    used 5680K, capacity 5990K, committed 6016K, reserved 1048576K
}
Event: 142.064 GC heap after
{Heap after GC invocations=29 (full 0):
 garbage-first heap   total 152576K, used 81146K [0x0000000701c00000, 0x0000000800000000)
  region size 1024K, 3 young (3072K), 3 survivors (3072K)
 Metaspace       used 41995K, capacity 42963K, committed 43136K, reserved 1087488K
  class space    used 5680K, capacity 5990K, committed 6016K, reserved 1048576K
}
Event: 143.593 GC heap before
{Heap before GC invocations=29 (full 0):
 garbage-first heap   total 152576K, used 102650K [0x0000000701c00000, 0x0000000800000000)
  region size 1024K, 26 young (26624K), 3 survivors (3072K)
 Metaspace       used 42492K, capacity 43698K, committed 43904K, reserved 1087488K
  class space    used 5800K, capacity 6192K, committed 6272K, reserved 1048576K
}
Event: 143.598 GC heap after
{Heap after GC invocations=30 (full 0):
 garbage-first heap   total 152576K, used 85797K [0x0000000701c00000, 0x0000000800000000)
  region size 1024K, 4 young (4096K), 4 survivors (4096K)
 Metaspace       used 42492K, capacity 43698K, committed 43904K, reserved 1087488K
  class space    used 5800K, capacity 6192K, committed 6272K, reserved 1048576K
}

Deoptimization events (10 events):
Event: 163.617 Thread 0x0000014b41b8c000 Uncommon trap: reason=speculate_class_check action=maybe_recompile pc=0x0000014b2cba0a68 method=java.awt.Component.repaint(IIII)V @ 7 c2
Event: 163.618 Thread 0x0000014b41b8c000 Uncommon trap: reason=speculate_class_check action=maybe_recompile pc=0x0000014b2cba0a68 method=java.awt.Component.repaint(IIII)V @ 7 c2
Event: 163.720 Thread 0x0000014b41b8c000 Uncommon trap: reason=unstable_if action=reinterpret pc=0x0000014b2cb952ac method=sun.java2d.marlin.MarlinTileGenerator.getAlphaRLE([BII)V @ 1631 c2
Event: 163.721 Thread 0x0000014b41b8c000 Uncommon trap: reason=unstable_if action=reinterpret pc=0x0000014b2cb3c230 method=sun.java2d.marlin.MarlinCache.copyAARowNoRLE([IIII)V @ 222 c2
Event: 163.727 Thread 0x0000014b41b8c000 Uncommon trap: reason=unstable_if action=reinterpret pc=0x0000014b2cb70514 method=javax.swing.SwingUtilities.layoutCompoundLabelImpl(Ljavax/swing/JComponent;Ljava/awt/FontMetrics;Ljava/lang/String;Ljavax/swing/Icon;IIIILjava/awt/Rectangle;Ljava/awt/Rectan
Event: 163.733 Thread 0x0000014b41b8c000 Uncommon trap: reason=unstable_if action=reinterpret pc=0x0000014b2cb6e05c method=sun.java2d.marlin.MarlinTileGenerator.getAlphaRLE([BII)V @ 1052 c2
Event: 163.734 Thread 0x0000014b41b8c000 Uncommon trap: reason=unstable_if action=reinterpret pc=0x0000014b2cb3d9c4 method=java.awt.GradientPaintContext.<init>(Ljava/awt/image/ColorModel;Ljava/awt/geom/Point2D;Ljava/awt/geom/Point2D;Ljava/awt/geom/AffineTransform;Ljava/awt/Color;Ljava/awt/Color;
Event: 163.734 Thread 0x0000014b41b8c000 Uncommon trap: reason=profile_predicate action=maybe_recompile pc=0x0000014b2c9ea05c method=java.awt.GradientPaintContext.<init>(Ljava/awt/image/ColorModel;Ljava/awt/geom/Point2D;Ljava/awt/geom/Point2D;Ljava/awt/geom/AffineTransform;Ljava/awt/Color;Ljava/
Event: 163.735 Thread 0x0000014b41b8c000 Uncommon trap: reason=profile_predicate action=maybe_recompile pc=0x0000014b2c9ea05c method=java.awt.GradientPaintContext.<init>(Ljava/awt/image/ColorModel;Ljava/awt/geom/Point2D;Ljava/awt/geom/Point2D;Ljava/awt/geom/AffineTransform;Ljava/awt/Color;Ljava/
Event: 163.782 Thread 0x0000014b44283000 Uncommon trap: reason=unstable_if action=reinterpret pc=0x0000014b2cb5508c method=java.lang.StrictMath.floorOrCeil(DDDD)D @ 14 c2

Classes redefined (0 events):
No events

Internal exceptions (10 events):
Event: 143.708 Thread 0x0000014b41b8c000 Implicit null exception at 0x0000014b2c9de6a2 to 0x0000014b2c9df50a
Event: 143.709 Thread 0x0000014b41b8c000 Implicit null exception at 0x0000014b2cabe1c2 to 0x0000014b2cac1d0d
Event: 158.946 Thread 0x0000014b41b8c000 Implicit null exception at 0x0000014b2c82faa7 to 0x0000014b2c830da2
Event: 158.947 Thread 0x0000014b41b8c000 Implicit null exception at 0x0000014b2c8e1f64 to 0x0000014b2c8e304e
Event: 158.948 Thread 0x0000014b41b8c000 Implicit null exception at 0x0000014b2c8f8601 to 0x0000014b2c8f9526
Event: 163.657 Thread 0x0000014b44283000 Exception <a 'java/lang/NullPointerException'{0x000000070a68a9d0}> (0x000000070a68a9d0) thrown at [c:/ws/workspace/jdk-12.0.2/label/windows-x86_64/type/b11/src/hotspot/share/interpreter/linkResolver.cpp, line 1356]
Event: 163.683 Thread 0x0000014b44283000 Exception <a 'java/lang/NoSuchMethodError'{0x000000070a6de2b8}: java.lang.invoke.DirectMethodHandle$Holder.invokeSpecial(Ljava/lang/Object;Ljava/lang/Object;Ljava/lang/Object;Ljava/lang/Object;)I> (0x000000070a6de2b8) thrown at [c:/ws/workspace/jdk-12.0.2
Event: 163.814 Thread 0x0000014b44283000 Exception <a 'java/lang/NullPointerException'{0x000000070a462f30}> (0x000000070a462f30) thrown at [c:/ws/workspace/jdk-12.0.2/label/windows-x86_64/type/b11/src/hotspot/share/interpreter/linkResolver.cpp, line 1356]
Event: 163.815 Thread 0x0000014b44283000 Exception <a 'java/lang/NullPointerException'{0x000000070a468358}> (0x000000070a468358) thrown at [c:/ws/workspace/jdk-12.0.2/label/windows-x86_64/type/b11/src/hotspot/share/interpreter/linkResolver.cpp, line 1356]
Event: 163.815 Thread 0x0000014b44283000 Exception <a 'java/lang/NullPointerException'{0x000000070a46d1f8}> (0x000000070a46d1f8) thrown at [c:/ws/workspace/jdk-12.0.2/label/windows-x86_64/type/b11/src/hotspot/share/interpreter/linkResolver.cpp, line 1356]

Events (10 events):
Event: 163.772 Executing VM operation: RevokeBias done
Event: 163.772 Thread 0x0000014b41be3800 Thread exited: 0x0000014b41be3800
Event: 163.774 Executing VM operation: RevokeBias
Event: 163.774 Executing VM operation: RevokeBias done
Event: 163.774 Thread 0x0000014b41753000 Thread exited: 0x0000014b41753000
Event: 163.782 Thread 0x0000014b44283000 Uncommon trap: trap_request=0xffffff4d fr.pc=0x0000014b2cb5508c relative=0x00000000000000ac
Event: 163.782 Thread 0x0000014b44283000 DEOPT PACKING pc=0x0000014b2cb5508c sp=0x00000030040fd610
Event: 163.782 Thread 0x0000014b44283000 DEOPT UNPACKING pc=0x0000014b24cb9c2f sp=0x00000030040fd548 mode 2
Event: 163.814 loading class java/lang/Throwable$WrappedPrintStream
Event: 163.814 loading class java/lang/Throwable$WrappedPrintStream done


Dynamic libraries:
0x00007ff6c2f00000 - 0x00007ff6c2f0d000 	C:\Program Files\BellSoft\LibericaJDK-12\bin\java.exe
0x00007fffd8e50000 - 0x00007fffd9045000 	C:\Windows\SYSTEM32\ntdll.dll
0x00007fffd8b20000 - 0x00007fffd8bdd000 	C:\Windows\System32\KERNEL32.DLL
0x00007fffd6780000 - 0x00007fffd6a48000 	C:\Windows\System32\KERNELBASE.dll
0x00007fffd6590000 - 0x00007fffd6690000 	C:\Windows\System32\ucrtbase.dll
0x00007fff81d70000 - 0x00007fff81d85000 	C:\Program Files\BellSoft\LibericaJDK-12\bin\VCRUNTIME140.dll
0x00007fffb78e0000 - 0x00007fffb78f7000 	C:\Program Files\BellSoft\LibericaJDK-12\bin\jli.dll
0x00007fffd8260000 - 0x00007fffd8400000 	C:\Windows\System32\USER32.dll
0x00007fffc5170000 - 0x00007fffc540a000 	C:\Windows\WinSxS\amd64_microsoft.windows.common-controls_6595b64144ccf1df_6.0.19041.1052_none_60b8f8fd71f5e8cb\COMCTL32.dll
0x00007fffd6c10000 - 0x00007fffd6c32000 	C:\Windows\System32\win32u.dll
0x00007fffd7010000 - 0x00007fffd70ae000 	C:\Windows\System32\msvcrt.dll
0x00007fffd8de0000 - 0x00007fffd8e0a000 	C:\Windows\System32\GDI32.dll
0x00007fffd6c40000 - 0x00007fffd6d4b000 	C:\Windows\System32\gdi32full.dll
0x00007fffd66e0000 - 0x00007fffd677d000 	C:\Windows\System32\msvcp_win.dll
0x00007fffd6ed0000 - 0x00007fffd6f00000 	C:\Windows\System32\IMM32.DLL
0x00007fff7aa10000 - 0x00007fff7aaab000 	C:\Program Files\BellSoft\LibericaJDK-12\bin\msvcp140.dll
0x00007fff7ad20000 - 0x00007fff7b8cb000 	C:\Program Files\BellSoft\LibericaJDK-12\bin\server\jvm.dll
0x00007fffd8660000 - 0x00007fffd870c000 	C:\Windows\System32\ADVAPI32.dll
0x00007fffd85b0000 - 0x00007fffd864b000 	C:\Windows\System32\sechost.dll
0x00007fffd8480000 - 0x00007fffd85ab000 	C:\Windows\System32\RPCRT4.dll
0x00007fffd8650000 - 0x00007fffd8658000 	C:\Windows\System32\PSAPI.DLL
0x00007fff81d90000 - 0x00007fff81d99000 	C:\Windows\SYSTEM32\WSOCK32.dll
0x00007fffcc5e0000 - 0x00007fffcc607000 	C:\Windows\SYSTEM32\WINMM.dll
0x00007fffd0380000 - 0x00007fffd038a000 	C:\Windows\SYSTEM32\VERSION.dll
0x00007fffd8ab0000 - 0x00007fffd8b1b000 	C:\Windows\System32\WS2_32.dll
0x00007fffd44e0000 - 0x00007fffd44f2000 	C:\Windows\SYSTEM32\kernel.appcore.dll
0x00007fff7fe50000 - 0x00007fff7fe60000 	C:\Program Files\BellSoft\LibericaJDK-12\bin\verify.dll
0x00007fffce4a0000 - 0x00007fffce684000 	C:\Windows\SYSTEM32\DBGHELP.DLL
0x00007fffce730000 - 0x00007fffce75c000 	C:\Windows\SYSTEM32\dbgcore.DLL
0x00007fffd6d80000 - 0x00007fffd6e03000 	C:\Windows\System32\bcryptPrimitives.dll
0x00007fff7acb0000 - 0x00007fff7acd6000 	C:\Program Files\BellSoft\LibericaJDK-12\bin\java.dll
0x00007fff7ac90000 - 0x00007fff7aca7000 	C:\Program Files\BellSoft\LibericaJDK-12\bin\zip.dll
0x00007fff7fe40000 - 0x00007fff7fe4a000 	C:\Program Files\BellSoft\LibericaJDK-12\bin\jimage.dll
0x00007fffd7260000 - 0x00007fffd799f000 	C:\Windows\System32\SHELL32.dll
0x00007fffd46e0000 - 0x00007fffd4e70000 	C:\Windows\SYSTEM32\windows.storage.dll
0x00007fffd7f00000 - 0x00007fffd8255000 	C:\Windows\System32\combase.dll
0x00007fffd6000000 - 0x00007fffd602c000 	C:\Windows\SYSTEM32\Wldp.dll
0x00007fffd6f00000 - 0x00007fffd6fae000 	C:\Windows\System32\SHCORE.dll
0x00007fffd6fb0000 - 0x00007fffd7005000 	C:\Windows\System32\shlwapi.dll
0x00007fffd64d0000 - 0x00007fffd64ef000 	C:\Windows\SYSTEM32\profapi.dll
0x00007fff7ac70000 - 0x00007fff7ac89000 	C:\Program Files\BellSoft\LibericaJDK-12\bin\net.dll
0x00007fffc83f0000 - 0x00007fffc85dc000 	C:\Windows\SYSTEM32\urlmon.dll
0x00007fffcd510000 - 0x00007fffcd61b000 	C:\Windows\SYSTEM32\WINHTTP.dll
0x00007fffc7af0000 - 0x00007fffc7da0000 	C:\Windows\SYSTEM32\iertutil.dll
0x00007fffd5d70000 - 0x00007fffd5dda000 	C:\Windows\system32\mswsock.dll
0x00007fff7ac50000 - 0x00007fff7ac63000 	C:\Program Files\BellSoft\LibericaJDK-12\bin\nio.dll
0x00007fff7aab0000 - 0x00007fff7ac49000 	C:\Program Files\BellSoft\LibericaJDK-12\bin\awt.dll
0x00007fffd8730000 - 0x00007fffd87fd000 	C:\Windows\System32\OLEAUT32.dll
0x00007fffd2550000 - 0x00007fffd2b10000 	C:\Windows\SYSTEM32\d2d1.dll
0x00007fffd3ed0000 - 0x00007fffd3f60000 	C:\Windows\SYSTEM32\apphelp.dll
0x00007fffd4020000 - 0x00007fffd40be000 	C:\Windows\system32\uxtheme.dll
0x00007fffd8860000 - 0x00007fffd8975000 	C:\Windows\System32\MSCTF.dll
0x00007fffd8980000 - 0x00007fffd8aaa000 	C:\Windows\System32\ole32.dll
0x00007fffd41f0000 - 0x00007fffd421f000 	C:\Windows\system32\DWMAPI.DLL
0x00007fffc02c0000 - 0x00007fffc0370000 	C:\Windows\WinSxS\amd64_microsoft.windows.common-controls_6595b64144ccf1df_5.82.19041.844_none_423537bff6b9828c\comctl32.dll
0x00007fff7a990000 - 0x00007fff7aa10000 	C:\Program Files\BellSoft\LibericaJDK-12\bin\freetype.dll
0x00007fff7a8e0000 - 0x00007fff7a986000 	C:\Program Files\BellSoft\LibericaJDK-12\bin\fontmanager.dll
0x00007fffb37d0000 - 0x00007fffb38f6000 	C:\Windows\system32\opengl32.dll
0x00007fffbd9a0000 - 0x00007fffbd9cc000 	C:\Windows\SYSTEM32\GLU32.dll
0x00007fffd8cd0000 - 0x00007fffd8d79000 	C:\Windows\System32\clbcatq.dll
0x00007fffd21e0000 - 0x00007fffd22d6000 	C:\Windows\SYSTEM32\PROPSYS.dll
0x00007fffb78c0000 - 0x00007fffb78d7000 	C:\Windows\system32\NetworkExplorer.dll
0x00007fffd6690000 - 0x00007fffd66de000 	C:\Windows\System32\CFGMGR32.dll
0x00007fffc04a0000 - 0x00007fffc04bd000 	C:\Windows\SYSTEM32\MPR.dll
0x00007fffd1590000 - 0x00007fffd159b000 	C:\Windows\System32\drprov.dll
0x00007fffd5380000 - 0x00007fffd53da000 	C:\Windows\System32\WINSTA.dll
0x00007fffd1570000 - 0x00007fffd1588000 	C:\Windows\System32\ntlanman.dll
0x00007fffd1550000 - 0x00007fffd156e000 	C:\Windows\System32\davclnt.dll
0x00007fffd1510000 - 0x00007fffd151d000 	C:\Windows\System32\DAVHLPR.dll
0x00007fffd57c0000 - 0x00007fffd57d7000 	C:\Windows\System32\wkscli.dll
0x00007fffc0f50000 - 0x00007fffc0f62000 	C:\Windows\SYSTEM32\cscapi.dll
0x00007fffd5a50000 - 0x00007fffd5a5c000 	C:\Windows\System32\netutils.dll
0x00007fffcfd80000 - 0x00007fffcfdd8000 	C:\Windows\System32\dlnashext.dll
0x00007fffa06c0000 - 0x00007fffa0724000 	C:\Windows\System32\PlayToDevice.dll
0x00007fffcb860000 - 0x00007fffcb880000 	C:\Windows\System32\DevDispItemProvider.dll
0x00007fffcc210000 - 0x00007fffcc222000 	C:\Windows\SYSTEM32\deviceassociation.dll
0x00007fffceb70000 - 0x00007fffcebf5000 	C:\Windows\System32\MMDevApi.dll
0x00007fffd6340000 - 0x00007fffd636c000 	C:\Windows\System32\DEVOBJ.dll
0x00007fffd5a10000 - 0x00007fffd5a4b000 	C:\Windows\System32\IPHLPAPI.DLL
0x00007fffd79a0000 - 0x00007fffd79a8000 	C:\Windows\System32\NSI.dll
0x00007fffcfe30000 - 0x00007fffcfe47000 	C:\Windows\SYSTEM32\dhcpcsvc6.DLL
0x00007fffcfe10000 - 0x00007fffcfe2d000 	C:\Windows\SYSTEM32\dhcpcsvc.DLL
0x00007fffd5a60000 - 0x00007fffd5b2c000 	C:\Windows\SYSTEM32\DNSAPI.dll
0x00007fffd0260000 - 0x00007fffd026b000 	C:\Windows\SYSTEM32\WINNSI.DLL
0x00007fffd24c0000 - 0x00007fffd24fe000 	C:\Windows\System32\netprofm.dll
0x00007fffce280000 - 0x00007fffce290000 	C:\Windows\System32\npmproxy.dll
0x00007fffc64c0000 - 0x00007fffc6c57000 	C:\Windows\System32\OneCoreUAPCommonProxyStub.dll
0x00007fffa0a50000 - 0x00007fffa0af3000 	C:\Windows\System32\PortableDeviceApi.dll
0x00007fffd79b0000 - 0x00007fffd7e19000 	C:\Windows\System32\SETUPAPI.dll
0x00007fffd6d50000 - 0x00007fffd6d77000 	C:\Windows\System32\bcrypt.dll
0x00007fffd6bb0000 - 0x00007fffd6c10000 	C:\Windows\System32\WINTRUST.dll
0x00007fffd6a50000 - 0x00007fffd6baf000 	C:\Windows\System32\CRYPT32.dll
0x00007fffd6180000 - 0x00007fffd6192000 	C:\Windows\System32\MSASN1.dll
0x00007fffa0690000 - 0x00007fffa06b6000 	C:\Windows\System32\EhStorAPI.dll
0x00007fffd0690000 - 0x00007fffd06a4000 	C:\Windows\System32\WTSAPI32.dll
0x00007fffcf610000 - 0x00007fffcf61d000 	C:\Windows\SYSTEM32\LINKINFO.dll
0x00007fffa9790000 - 0x00007fffa9856000 	C:\Windows\system32\Windows.Storage.Search.dll
0x00007fffc1560000 - 0x00007fffc1606000 	C:\Windows\System32\StructuredQuery.dll
0x00007fffb0790000 - 0x00007fffb07b4000 	C:\Windows\SYSTEM32\edputil.dll
0x00007fff5faf0000 - 0x00007fff5fb16000 	C:\Program Files\BellSoft\LibericaJDK-12\bin\sunec.dll
0x00007fffbf9a0000 - 0x00007fffbfa99000 	C:\Windows\SYSTEM32\textinputframework.dll
0x00007fffd38d0000 - 0x00007fffd3c2e000 	C:\Windows\System32\CoreUIComponents.dll
0x00007fffd3c60000 - 0x00007fffd3d52000 	C:\Windows\System32\CoreMessaging.dll
0x00007fffd52d0000 - 0x00007fffd5303000 	C:\Windows\SYSTEM32\ntmarta.dll
0x00007fffd31e0000 - 0x00007fffd3334000 	C:\Windows\SYSTEM32\wintypes.dll
0x00007fffbfdf0000 - 0x00007fffbffa4000 	C:\Windows\SYSTEM32\WindowsCodecs.dll
0x00007fffadda0000 - 0x00007fffaddde000 	C:\Windows\system32\dataexchange.dll
0x00007fffd2b10000 - 0x00007fffd2d74000 	C:\Windows\system32\d3d11.dll
0x00007fffd3360000 - 0x00007fffd3546000 	C:\Windows\system32\dcomp.dll
0x00007fffd4ec0000 - 0x00007fffd4fb4000 	C:\Windows\system32\dxgi.dll
0x00007fffd0480000 - 0x00007fffd0681000 	C:\Windows\system32\twinapi.appcore.dll
0x0000014b431f0000 - 0x0000014b431f3000 	C:\Program Files\BellSoft\LibericaJDK-12\bin\api-ms-win-core-console-l1-1-0.dll
0x0000014b43200000 - 0x0000014b43203000 	C:\Program Files\BellSoft\LibericaJDK-12\bin\api-ms-win-core-datetime-l1-1-0.dll
0x0000014b43210000 - 0x0000014b43213000 	C:\Program Files\BellSoft\LibericaJDK-12\bin\api-ms-win-core-debug-l1-1-0.dll
0x0000014b43220000 - 0x0000014b43223000 	C:\Program Files\BellSoft\LibericaJDK-12\bin\api-ms-win-core-errorhandling-l1-1-0.dll
0x0000014b437a0000 - 0x0000014b437a4000 	C:\Program Files\BellSoft\LibericaJDK-12\bin\api-ms-win-core-file-l1-1-0.dll
0x0000014b437d0000 - 0x0000014b437d3000 	C:\Program Files\BellSoft\LibericaJDK-12\bin\api-ms-win-core-file-l1-2-0.dll
0x0000014b474b0000 - 0x0000014b474b3000 	C:\Program Files\BellSoft\LibericaJDK-12\bin\api-ms-win-core-file-l2-1-0.dll
0x0000014b474c0000 - 0x0000014b474c3000 	C:\Program Files\BellSoft\LibericaJDK-12\bin\api-ms-win-core-handle-l1-1-0.dll
0x0000014b474d0000 - 0x0000014b474d3000 	C:\Program Files\BellSoft\LibericaJDK-12\bin\api-ms-win-core-heap-l1-1-0.dll
0x0000014b474e0000 - 0x0000014b474e3000 	C:\Program Files\BellSoft\LibericaJDK-12\bin\api-ms-win-core-interlocked-l1-1-0.dll
0x0000014b474f0000 - 0x0000014b474f3000 	C:\Program Files\BellSoft\LibericaJDK-12\bin\api-ms-win-core-libraryloader-l1-1-0.dll
0x0000014b47500000 - 0x0000014b47503000 	C:\Program Files\BellSoft\LibericaJDK-12\bin\api-ms-win-core-localization-l1-2-0.dll
0x0000014b47510000 - 0x0000014b47513000 	C:\Program Files\BellSoft\LibericaJDK-12\bin\api-ms-win-core-memory-l1-1-0.dll
0x0000014b47520000 - 0x0000014b47523000 	C:\Program Files\BellSoft\LibericaJDK-12\bin\api-ms-win-core-namedpipe-l1-1-0.dll
0x0000014b47530000 - 0x0000014b47533000 	C:\Program Files\BellSoft\LibericaJDK-12\bin\api-ms-win-core-processenvironment-l1-1-0.dll
0x0000014b47540000 - 0x0000014b47543000 	C:\Program Files\BellSoft\LibericaJDK-12\bin\api-ms-win-core-processthreads-l1-1-0.dll
0x0000014b47550000 - 0x0000014b47553000 	C:\Program Files\BellSoft\LibericaJDK-12\bin\api-ms-win-core-processthreads-l1-1-1.dll

dbghelp: loaded successfully - version: 4.0.5 - missing functions: none
symbol engine: initialized successfully - sym options: 0x614 - pdb path: .;C:\Program Files\BellSoft\LibericaJDK-12\bin;C:\Windows\SYSTEM32;C:\Windows\WinSxS\amd64_microsoft.windows.common-controls_6595b64144ccf1df_6.0.19041.1052_none_60b8f8fd71f5e8cb;C:\Program Files\BellSoft\LibericaJDK-12\bin\server;C:\Windows\WinSxS\amd64_microsoft.windows.common-controls_6595b64144ccf1df_5.82.19041.844_none_423537bff6b9828c;C:\Windows\WinSxS\amd64_microsoft.windows.gdiplus_6595b64144ccf1df_1.1.19041.1023_none_91a0d43ccc8b3035;C:\Windows\System32\DriverStore\FileRepository\iigd_dch.inf_amd64_a086f01cc7be643a

VM Arguments:
jvm_args: -Dfile.encoding=UTF-8 
java_command: simrskhanza.SIMRSKhanza
java_class_path (initial): C:\Users\windiartonugroho\lib\ant-1.7.1.jar;C:\Users\windiartonugroho\lib\apache-httpcomponents-httpclient.jar;C:\Users\windiartonugroho\lib\appframework-1.0.3.jar;C:\Users\windiartonugroho\lib\barbecue-1.5-beta1.jar;C:\Users\windiartonugroho\lib\batik-dom.jar;C:\Users\windiartonugroho\lib\groovy-all-2.4.7.jar;C:\Users\windiartonugroho\lib\bcel-5.2.jar;C:\Users\windiartonugroho\lib\bcprov-jdk15on-154.jar;C:\Users\windiartonugroho\lib\poi-4.1.0.jar;C:\Users\windiartonugroho\lib\beansbinding-1.2.1.jar;C:\Users\windiartonugroho\lib\bsh-2.0b4.jar;C:\Users\windiartonugroho\lib\calendar-doc.jar;C:\Users\windiartonugroho\lib\calendar-src.jar;C:\Users\windiartonugroho\lib\calendar.jar;C:\Users\windiartonugroho\lib\com-jaspersoft-ireport.jar;C:\Users\windiartonugroho\lib\com.fasterxml.jackson.core.jar;C:\Users\windiartonugroho\lib\comm.jar;C:\Users\windiartonugroho\lib\common-javaFX-plugin.jar;C:\Users\windiartonugroho\lib\commons-codec-1.10.jar;C:\Users\windiartonugroho\lib\commons-javaflow-20060411.jar;C:\Users\windiartonugroho\lib\commons-logging-1.2.jar;C:\Users\windiartonugroho\lib\fluent-hc-4.5.1.jar;C:\Users\windiartonugroho\lib\fontbox-2.0.13.jar;C:\Users\windiartonugroho\lib\gson-2.2.2.jar;C:\Users\windiartonugroho\lib\hibernate3.jar;C:\Users\windiartonugroho\lib\hsqldb-1.8.0-10.jar;C:\Users\windiartonugroho\lib\httpclient-4.5.1.jar;C:\Users\windiartonugroho\lib\httpclient-cache-4.5.1.jar;C:\Users\windiartonugroho\lib\httpclient-win-4.5.1.jar;C:\Users\windiartonugroho\lib\httpcore-4.4.3.jar;C:\Users\windiartonugroho\lib\httpmime-4.5.1.jar;C:\Users\windiartonugroho\lib\iReport.jar;C:\Users\windiartonugroho\lib\jackson-all-1.9.0.jar;C:\Users\windiartonugroho\lib\java-json.jar;C:\Users\windiartonugroho\lib\javaFX-jps-plugin.jar;C:\Users\windiartonugroho\lib\javaFX.jar;C:\Users\windiartonugroho\lib\jaxen-1.1.1.jar;C:\Users\windiartonugroho\lib\jcalendar-1.4.jar;C:\Users\windiartonugroho\lib\jcommon-1.0.15.jar;C:\Users\windiartonugroho\lib\jd
Launcher Type: SUN_STANDARD

[Global flags]
     intx CICompilerCount                          = 4                                         {product} {ergonomic}
     uint ConcGCThreads                            = 2                                         {product} {ergonomic}
     uint G1ConcRefinementThreads                  = 8                                         {product} {ergonomic}
   size_t G1HeapRegionSize                         = 1048576                                   {product} {ergonomic}
    uintx GCDrainStackTargetSize                   = 64                                        {product} {ergonomic}
   size_t InitialHeapSize                          = 268435456                                 {product} {ergonomic}
   size_t MarkStackSize                            = 4194304                                   {product} {ergonomic}
   size_t MaxHeapSize                              = 4265607168                                {product} {ergonomic}
   size_t MaxNewSize                               = 2558525440                                {product} {ergonomic}
   size_t MinHeapDeltaBytes                        = 1048576                                   {product} {ergonomic}
    uintx NonNMethodCodeHeapSize                   = 5836300                                {pd product} {ergonomic}
    uintx NonProfiledCodeHeapSize                  = 122910970                              {pd product} {ergonomic}
    uintx ProfiledCodeHeapSize                     = 122910970                              {pd product} {ergonomic}
    uintx ReservedCodeCacheSize                    = 251658240                              {pd product} {ergonomic}
     bool SegmentedCodeCache                       = true                                      {product} {ergonomic}
     bool UseCompressedClassPointers               = true                                 {lp64_product} {ergonomic}
     bool UseCompressedOops                        = true                                 {lp64_product} {ergonomic}
     bool UseG1GC                                  = true                                      {product} {ergonomic}
     bool UseLargePagesIndividualAllocation        = false                                  {pd product} {ergonomic}

Logging:
Log output configuration:
 #0: stdout all=warning uptime,level,tags
 #1: stderr all=off uptime,level,tags

Environment Variables:
JAVA_HOME=C:\Program Files\BellSoft\LibericaJDK-12\
PATH=C:\Program Files (x86)\VMware\VMware Workstation\bin\;C:\Program Files\BellSoft\LibericaJDK-12\bin\;C:\Program Files (x86)\Intel\iCLS Client\;C:\Program Files\Intel\iCLS Client\;C:\Windows\system32;C:\Windows;C:\Windows\System32\Wbem;C:\Windows\System32\WindowsPowerShell\v1.0\;C:\Windows\System32\OpenSSH\;C:\Program Files (x86)\Intel\Intel(R) Management Engine Components\DAL;C:\Program Files\Intel\Intel(R) Management Engine Components\DAL;C:\Program Files (x86)\Intel\Intel(R) Management Engine Components\IPT;C:\Program Files\Intel\Intel(R) Management Engine Components\IPT;C:\Program Files (x86)\NVIDIA Corporation\PhysX\Common;C:\Program Files\Git\cmd;C:\Users\aripu\AppData\Roaming\Python39\Scripts;C:\xampp\htdocs\webapps;C:\Users\aripu\AppData\Local\Programs\Python\Python39\Scripts\;C:\Users\aripu\AppData\Local\Programs\Python\Python39\;C:\Users\aripu\AppData\Local\Microsoft\WindowsApps;C:\Users\aripu\AppData\Local\Programs\Microsoft VS Code\bin
USERNAME=aripu
OS=Windows_NT
PROCESSOR_IDENTIFIER=Intel64 Family 6 Model 158 Stepping 9, GenuineIntel



---------------  S Y S T E M  ---------------

OS: Windows 10 , 64 bit Build 19041 (10.0.19041.1023)

CPU:total 8 (initial active 8) (4 cores per cpu, 2 threads per core) family 6 model 158 stepping 9, cmov, cx8, fxsr, mmx, sse, sse2, sse3, ssse3, sse4.1, sse4.2, popcnt, avx, avx2, aes, clmul, erms, 3dnowpref, lzcnt, ht, tsc, tscinvbit, bmi1, bmi2, adx, fma

Memory: 4k page, system-wide physical 16264M (8300M free)
TotalPageFile size 21384M (AvailPageFile size 12021M)
current process WorkingSet (physical memory assigned to process): 321M, peak: 338M
current process commit charge ("private bytes"): 360M, peak: 389M

vm_info: OpenJDK 64-Bit Server VM (12.0.2-BellSoft+10) for windows-amd64 JRE (12.0.2-BellSoft+10), built on Jul 17 2019 07:57:13 by "" with unknown MS VC++:1916

END.
